<?xml version="1.0" encoding="UTF-8" ?>
<testsuite errors="0" failures="0" hostname="quickselect-PC" name="org.springframework.expression.spel.PropertyAccessTests" tests="7" time="0.015" timestamp="2011-01-17T15:30:23">
  <properties>
    <property name="java.home.ivy.instance" value="E:\software\java\jdk1.6.0_14\jre" />
    <property name="project.name" value="Spring Framework" />
    <property name="package.docs.dir" value="D:\masterSpring\spring\projects\org.springframework.expression/target/package-expanded/spring-framework-3.0.5.BUILD-20110117152612/docs" />
    <property name="clover.output.dir" value="D:\masterSpring\spring\projects\org.springframework.expression/target/clover" />
    <property name="ant.home.ivy.instance" value="E:\openSource02\apache-ant-1.8.2" />
    <property name="java.awt.graphicsenv.ivy.instance" value="sun.awt.Win32GraphicsEnvironment" />
    <property name="war.lib.dir" value="D:\masterSpring\spring\projects\org.springframework.expression/target/war-expanded/WEB-INF/lib" />
    <property name="spring.build.dir" value="D:\masterSpring\spring\projects\spring-build" />
    <property name="ant.file.publish-top-level" value="D:\masterSpring\spring\projects\build-spring-framework\publish-top-level.xml" />
    <property name="java.awt.printerjob.ivy.instance" value="sun.awt.windows.WPrinterJob" />
    <property name="ivy.cache.repository.ivy.instance" value="D:\masterSpring\spring\projects\org.springframework.expression/../ivy-cache/repository" />
    <property name="ivy.deps.changed.runtime.classpath" value="true" />
    <property name="ant.library.dir" value="E:\openSource02\apache-ant-1.8.2\lib" />
    <property name="ant.core.lib" value="E:\openSource02\apache-ant-1.8.2\lib\ant.jar" />
    <property name="java.vm.info.ivy.instance" value="mixed mode" />
    <property name="ivy.report.output.pattern.ivy.instance" value="[organisation]-[module]-[conf].[ext]" />
    <property name="user.dir" value="D:\masterSpring\spring\projects\org.springframework.expression" />
    <property name="java.vm.version" value="14.0-b16" />
    <property name="main.clover.dir" value="D:\masterSpring\spring\projects\org.springframework.expression/target/clover/staging/main" />
    <property name="application.name" value="" />
    <property name="ant.file.type.package-multi-bundle" value="file" />
    <property name="ivy.lib.dir.ivy.instance" value="D:\masterSpring\spring\projects\org.springframework.expression/lib" />
    <property name="path.separator.ivy.instance" value=";" />
    <property name="lib.dir" value="D:\masterSpring\spring\projects\spring-build/lib" />
    <property name="local.repo.dir" value="C:\Users\QUICKS~1\AppData\Local\Temp\/local-repository" />
    <property name="ant.file.common-standard" value="D:\masterSpring\spring\projects\spring-build\standard\common.xml" />
    <property name="aj.osgi.range" value="&quot;[1.5.4, 2.0.0)&quot;" />
    <property name="java.library.path.ivy.instance" value="E:\software\java\jdk1.6.0_14\bin;.;C:\Windows\Sun\Java\bin;C:\Windows\system32;C:\Windows;C:\Windows\system32;C:\Windows;C:\Windows\System32\Wbem;C:\Windows\System32\WindowsPowerShell\v1.0\;E:\software\java\jdk1.6.0_14\bin;C:\Program Files\Common Files\Thunder Network\KanKan\Codecs;C:\Program Files\TortoiseSVN\bin;D:\masterSpring\mysql5\bin;E:\openSource02\apache-ant-1.8.2\bin;" />
    <property name="ivy.revision.test.classpath" value="working@quickselect-PC" />
    <property name="par.provided.libraries.dir" value="D:\masterSpring\spring\projects\org.springframework.expression/target/par-provided/libraries" />
    <property name="ant.file.type.org.springframework.expression" value="file" />
    <property name="docbook.output.dir" value="D:\masterSpring\spring\projects\org.springframework.expression/target/org.springframework.expression" />
    <property name="ivy.resolve.default.type.filter.ivy.instance" value="*" />
    <property name="java.version.ivy.instance" value="1.6.0_14" />
    <property name="ivy.file" value="D:\masterSpring\spring\projects\org.springframework.expression/ivy.xml" />
    <property name="sun.os.patch.level" value="" />
    <property name="java.vm.specification.name" value="Java Virtual Machine Specification" />
    <property name="ivy.resolved.configurations.test.classpath" value="test" />
    <property name="org.springframework.build.aws.maven.version" value="2.0.0.RELEASE" />
    <property name="main.webapp.dir" value="D:\masterSpring\spring\projects\org.springframework.expression/src/main/webapp" />
    <property name="file.separator.ivy.instance" value="\" />
    <property name="docbook.images.dir" value="D:\masterSpring\spring\projects\org.springframework.expression/images" />
    <property name="org.testng.version" value="5.10.0" />
    <property name="org.eclipse.osgi.version" value="3.5.0.v20090311-1300" />
    <property name="os.name" value="Windows 7" />
    <property name="package.file.name" value="spring-framework-3.0.5.BUILD-20110117152612.zip" />
    <property name="ivy.status" value="integration" />
    <property name="build.stamp" value="BUILD-20110117152612" />
    <property name="ci.build" value="false" />
    <property name="ant.file.type.common-multi-bundle" value="file" />
    <property name="docbook.src.dir" value="D:\masterSpring\spring\projects\org.springframework.expression/src" />
    <property name="target.version" value="1.5" />
    <property name="package.src.dir" value="D:\masterSpring\spring\projects\org.springframework.expression/target/package-expanded/spring-framework-3.0.5.BUILD-20110117152612/src" />
    <property name="ivy.settings.dir.ivy.instance" value="D:\masterSpring\spring\projects\spring-build\common" />
    <property name="java.vendor.url.bug" value="http://java.sun.com/cgi-bin/bugreport.cgi" />
    <property name="libd.output.dir" value="D:\masterSpring\spring\projects\org.springframework.expression/target/artifacts" />
    <property name="org.aspectj.tools.version" value="1.6.6.RELEASE" />
    <property name="os.arch" value="x86" />
    <property name="user.name" value="quickselect" />
    <property name="user.variant.ivy.instance" value="" />
    <property name="ivy.retrieve.pattern.ivy.instance" value="D:\masterSpring\spring\projects\spring-build/lib/ivy/[artifact]-[revision](-[classifier]).[ext]" />
    <property name="findbugs.output.file" value="D:\masterSpring\spring\projects\org.springframework.expression/target/findbugs/org.springframework.expression.xml" />
    <property name="docbook.dir" value="D:\masterSpring\spring\projects\spring-build/lib/docbook" />
    <property name="aspectj.version" value="1.6.8.RELEASE" />
    <property name="version" value="3.0.5" />
    <property name="org.junit.version" value="4.7.0" />
    <property name="ivy.module.compile.classpath" value="org.springframework.expression" />
    <property name="application.description" value="" />
    <property name="sun.arch.data.model.ivy.instance" value="32" />
    <property name="accessKey" value="" />
    <property name="ivy.default.conf.dir" value="jar:file:/D:/masterSpring/spring/projects/spring-build/lib/ivy/ivy.jar!/org/apache/ivy/core/settings" />
    <property name="findbugs.dir" value="D:\masterSpring\spring\projects\spring-build/lib/findbugs" />
    <property name="test.halt" value="true" />
    <property name="ant.file.artifact-multi-bundle" value="D:\masterSpring\spring\projects\spring-build\multi-bundle\artifact.xml" />
    <property name="implementation.version" value="3.0.5.BUILD-20110117152612" />
    <property name="user.country" value="CN" />
    <property name="ivy.organisation.runtime.classpath" value="org.springframework" />
    <property name="fail.on.warnings" value="true" />
    <property name="slf4j.version" value="1.5.6" />
    <property name="java.vm.specification.version.ivy.instance" value="1.0" />
    <property name="ivy.default.always.check.exact.revision" value="false" />
    <property name="os.name.ivy.instance" value="Windows 7" />
    <property name="org.springframework.build.aws.ant.version" value="3.0.3.RELEASE" />
    <property name="java.endorsed.dirs" value="E:\software\java\jdk1.6.0_14\jre\lib\endorsed" />
    <property name="java.endorsed.dirs.ivy.instance" value="E:\software\java\jdk1.6.0_14\jre\lib\endorsed" />
    <property name="artifacts.dir" value="D:\masterSpring\spring\projects\org.springframework.expression/target/artifacts" />
    <property name="ant.file.type.package-bundle" value="file" />
    <property name="ivy.lib.dir" value="D:\masterSpring\spring\projects\spring-build/lib/ivy" />
    <property name="web.module.output.file" value="D:\masterSpring\spring\projects\org.springframework.expression/target/artifacts/org.springframework.expression.jar" />
    <property name="ant.file.type.publish-multi-bundle" value="file" />
    <property name="java.vm.specification.version" value="1.0" />
    <property name="spring.osgi.range" value="&quot;${version:[=.=.=, =.=.+1)}&quot;" />
    <property name="pom.output.dir" value="D:\masterSpring\spring\projects\org.springframework.expression/target/artifacts" />
    <property name="implementation.title" value="org.springframework.expression" />
    <property name="ivy.resolved.file.compile.classpath" value="D:\masterSpring\spring\projects\org.springframework.expression\ivy.xml" />
    <property name="ivy.settings.url" value="file:/D:/masterSpring/spring/projects/spring-build/common/ivysettings.xml" />
    <property name="ant.file.type.package-standard" value="file" />
    <property name="ant.file.type.publish-top-level" value="file" />
    <property name="java.vendor" value="Sun Microsystems Inc." />
    <property name="user.dir.ivy.instance" value="D:\masterSpring\spring\projects\build-spring-framework" />
    <property name="ivy.default.settings.dir" value="jar:file:/D:/masterSpring/spring/projects/spring-build/lib/ivy/ivy.jar!/org/apache/ivy/core/settings" />
    <property name="merge.existing.headers" value="true" />
    <property name="ivy.settings.file" value="D:\masterSpring\spring\projects\spring-build/common/ivysettings.xml" />
    <property name="java.runtime.name.ivy.instance" value="Java(TM) SE Runtime Environment" />
    <property name="file.separator" value="\" />
    <property name="findbugs.output.dir" value="D:\masterSpring\spring\projects\org.springframework.expression/target/findbugs" />
    <property name="ivy.conf.file" value="D:\masterSpring\spring\projects\spring-build\common\ivysettings.xml" />
    <property name="user.variant" value="" />
    <property name="ivy.default.settings.dir.ivy.instance" value="jar:file:/D:/masterSpring/spring/projects/spring-build/lib/ivy/ivy.jar!/org/apache/ivy/core/settings" />
    <property name="ivy.module.test.classpath" value="org.springframework.expression" />
    <property name="sun.java.launcher" value="SUN_STANDARD" />
    <property name="java.io.tmpdir.ivy.instance" value="C:\Users\QUICKS~1\AppData\Local\Temp\" />
    <property name="test.exists" value="true" />
    <property name="ant.home" value="E:\openSource02\apache-ant-1.8.2" />
    <property name="ivy.module.runtime.classpath" value="org.springframework.expression" />
    <property name="ivy.resolved.file" value="D:\masterSpring\spring\projects\org.springframework.expression\ivy.xml" />
    <property name="ant.java.version" value="1.6" />
    <property name="java.library.path" value="E:\software\java\jdk1.6.0_14\jre\bin;.;C:\Windows\Sun\Java\bin;C:\Windows\system32;C:\Windows;C:\Windows\system32;C:\Windows;C:\Windows\System32\Wbem;C:\Windows\System32\WindowsPowerShell\v1.0\;E:\software\java\jdk1.6.0_14\bin;C:\Program Files\Common Files\Thunder Network\KanKan\Codecs;C:\Program Files\TortoiseSVN\bin;D:\masterSpring\mysql5\bin;E:\openSource02\apache-ant-1.8.2\bin;" />
    <property name="clover.enforce" value="false" />
    <property name="DSTAMP" value="20110117" />
    <property name="ivy.resolved.configurations" value="runtime" />
    <property name="sun.arch.data.model" value="32" />
    <property name="findbugs.exclude.file" value="D:\masterSpring\spring\projects\spring-build/common/findbugs-exclude.xml" />
    <property name="basedir" value="D:\masterSpring\spring\projects\org.springframework.expression" />
    <property name="java.vendor.url.ivy.instance" value="http://java.sun.com/" />
    <property name="java.ext.dirs.ivy.instance" value="E:\software\java\jdk1.6.0_14\jre\lib\ext;C:\Windows\Sun\Java\lib\ext" />
    <property name="war.classes.dir" value="D:\masterSpring\spring\projects\org.springframework.expression/target/war-expanded/WEB-INF/classes" />
    <property name="ant.file.build-spring-framework" value="D:\masterSpring\spring\projects\build-spring-framework\build.xml" />
    <property name="ivy.version" value="2.1.0" />
    <property name="path.separator" value=";" />
    <property name="edu.umd.cs.findbugs.version" value="1.3.7" />
    <property name="ivy.resolver.default.check.modified.ivy.instance" value="false" />
    <property name="sun.io.unicode.encoding" value="UnicodeLittle" />
    <property name="ivy.conf.dir" value="D:\masterSpring\spring\projects\spring-build\common" />
    <property name="TSTAMP" value="2330" />
    <property name="pom.output.file" value="D:\masterSpring\spring\projects\org.springframework.expression/target/artifacts/pom.xml" />
    <property name="test.clover.dir" value="D:\masterSpring\spring\projects\org.springframework.expression/target/clover/staging/test" />
    <property name="user.language" value="zh" />
    <property name="natural.name" value="spring-framework" />
    <property name="package.jar.output.file" value="org.springframework.expression-3.0.5.BUILD-20110117152612.jar" />
    <property name="ant.file.publish-documentation" value="D:\masterSpring\spring\projects\build-spring-framework\publish-documentation.xml" />
    <property name="ant.file.package-multi-bundle" value="D:\masterSpring\spring\projects\spring-build\multi-bundle\package.xml" />
    <property name="java.vm.specification.vendor.ivy.instance" value="Sun Microsystems Inc." />
    <property name="ant.file.default-multi-bundle" value="D:\masterSpring\spring\projects\spring-build\multi-bundle\default.xml" />
    <property name="secretKey" value="" />
    <property name="ant.file.type.quality-common" value="file" />
    <property name="ant.file.type.quality-multi-bundle" value="file" />
    <property name="ant.project.invoked-targets" value="test.do" />
    <property name="awt.toolkit.ivy.instance" value="sun.awt.windows.WToolkit" />
    <property name="ant.file.common-multi-bundle" value="D:\masterSpring\spring\projects\spring-build\multi-bundle\common.xml" />
    <property name="ivy.report.output.pattern" value="[organisation]-[module]-[conf].[ext]" />
    <property name="ivy.resolved.file.runtime.classpath" value="D:\masterSpring\spring\projects\org.springframework.expression\ivy.xml" />
    <property name="java.class.version" value="50.0" />
    <property name="sun.boot.library.path.ivy.instance" value="E:\software\java\jdk1.6.0_14\jre\bin" />
    <property name="ant.file.type.publish-common" value="file" />
    <property name="main.java.dir" value="D:\masterSpring\spring\projects\org.springframework.expression/src/main/java" />
    <property name="os.version.ivy.instance" value="6.1" />
    <property name="timestamp" value="20110117152612" />
    <property name="test.resources.dir" value="D:\masterSpring\spring\projects\org.springframework.expression/src/test/resources" />
    <property name="sun.desktop.ivy.instance" value="windows" />
    <property name="ivy.project.dir.ivy.instance" value="D:\masterSpring\spring\projects\org.springframework.expression" />
    <property name="file.encoding.pkg" value="sun.io" />
    <property name="sun.cpu.endian" value="little" />
    <property name="ant.file.artifact-common" value="D:\masterSpring\spring\projects\spring-build\common\artifact.xml" />
    <property name="package.lib.dir" value="D:\masterSpring\spring\projects\org.springframework.expression/target/package-expanded/spring-framework-3.0.5.BUILD-20110117152612/lib" />
    <property name="ivy.configurations.ivy.instance" value="*" />
    <property name="ivy.home.ivy.instance" value="C:\Users\quickselect\.ivy2" />
    <property name="ivy.output.file" value="D:\masterSpring\spring\projects\org.springframework.expression/target/artifacts/ivy.xml" />
    <property name="libd.input.file" value="D:\masterSpring\spring\projects\org.springframework.expression/org.springframework.expression.libd" />
    <property name="java.home" value="E:\software\java\jdk1.6.0_14\jre" />
    <property name="package.par.output.file" value="org.springframework.expression-3.0.5.BUILD-20110117152612.par" />
    <property name="package.output.file" value="D:\masterSpring\spring\projects\org.springframework.expression/target/artifacts/spring-framework-3.0.5.BUILD-20110117152612.zip" />
    <property name="ant.file.org.springframework.expression" value="D:\masterSpring\spring\projects\org.springframework.expression\build.xml" />
    <property name="ant.project.default-target" value="precommit" />
    <property name="ivy.cache.resolution" value="D:\masterSpring\spring\projects\org.springframework.expression/../ivy-cache/resolution" />
    <property name="jar.output.file" value="D:\masterSpring\spring\projects\org.springframework.expression/target/artifacts/org.springframework.expression.jar" />
    <property name="ant.file.package-standard" value="D:\masterSpring\spring\projects\spring-build\standard\package.xml" />
    <property name="org.apache.maven.ant.version" value="2.0.10" />
    <property name="ivy.status.ivy.instance" value="integration" />
    <property name="bucket.basename" value="springframework.org" />
    <property name="clover.db.file" value="D:\masterSpring\spring\projects\org.springframework.expression/target/clover/db/clover.db" />
    <property name="ant.library.dir.ivy.instance" value="E:\openSource02\apache-ant-1.8.2\lib" />
    <property name="compile.debug.level" value="lines,vars,source" />
    <property name="sun.java.launcher.ivy.instance" value="SUN_STANDARD" />
    <property name="docbook.build.dir" value="D:\masterSpring\spring\projects\spring-build/docbook" />
    <property name="ant.file.type.artifact-standard" value="file" />
    <property name="clover.staging.dir" value="D:\masterSpring\spring\projects\org.springframework.expression/target/clover/staging" />
    <property name="ant.file.type.common-standard" value="file" />
    <property name="package.war.output.file" value="org.springframework.expression-3.0.5.BUILD-20110117152612.war" />
    <property name="package.dist.dir" value="D:\masterSpring\spring\projects\org.springframework.expression/target/package-expanded/spring-framework-3.0.5.BUILD-20110117152612/dist" />
    <property name="ivy.basedir.ivy.instance" value="D:\masterSpring\spring\projects\org.springframework.expression" />
    <property name="javadoc-api.output.dir" value="D:\masterSpring\spring\projects\org.springframework.expression/target/javadoc-api" />
    <property name="java.vm.vendor.ivy.instance" value="Sun Microsystems Inc." />
    <property name="ivy.cache.ttl.default.ivy.instance" value="10s" />
    <property name="libd.output.file" value="D:\masterSpring\spring\projects\org.springframework.expression/target/artifacts/org.springframework.expression.libd" />
    <property name="clover.db.dir" value="D:\masterSpring\spring\projects\org.springframework.expression/target/clover/db" />
    <property name="org.springframework.build.osgi.version" value="1.0.0.RELEASE" />
    <property name="ivy.default.conf.dir.ivy.instance" value="jar:file:/D:/masterSpring/spring/projects/spring-build/lib/ivy/ivy.jar!/org/apache/ivy/core/settings" />
    <property name="ivy.resolved.configurations.compile.classpath" value="compile, optional, provided, dm-server-provided" />
    <property name="ivy.settings.url.ivy.instance" value="file:/D:/masterSpring/spring/projects/spring-build/common/ivysettings.xml" />
    <property name="javadoc.stylesheet.file" value="D:\masterSpring\spring\projects\spring-build/common/spring-javadoc.css" />
    <property name="sun.management.compiler" value="HotSpot Client Compiler" />
    <property name="build.compiler" value="org.eclipse.jdt.core.JDTCompilerAdapter" />
    <property name="web.module.staging.dir" value="D:\masterSpring\spring\projects\org.springframework.expression/target/web-module-expanded" />
    <property name="ant.file.type.artifact-common" value="file" />
    <property name="ant.file.publish-multi-bundle" value="D:\masterSpring\spring\projects\spring-build\multi-bundle\publish.xml" />
    <property name="ant.file.type.build-spring-framework" value="file" />
    <property name="ant.file.package-common" value="D:\masterSpring\spring\projects\spring-build\common\package.xml" />
    <property name="resource.src.dir" value="D:\masterSpring\spring\projects\org.springframework.expression/src" />
    <property name="ant.file" value="D:\masterSpring\spring\projects\org.springframework.expression\build.xml" />
    <property name="ivy.buildlist.ivyfilepath.ivy.instance" value="ivy.xml" />
    <property name="user.country.ivy.instance" value="CN" />
    <property name="docbook.css.dir" value="D:\masterSpring\spring\projects\org.springframework.expression/css" />
    <property name="ant.file.artifact-standard" value="D:\masterSpring\spring\projects\spring-build\standard\artifact.xml" />
    <property name="ivy.output.dir" value="D:\masterSpring\spring\projects\org.springframework.expression/target/artifacts" />
    <property name="ivy.cache.repository" value="D:\masterSpring\spring\projects\org.springframework.expression/../ivy-cache/repository" />
    <property name="ivy.default.always.check.exact.revision.ivy.instance" value="false" />
    <property name="org.eclipse.jdt.core.compiler.batch.version" value="3.3.0" />
    <property name="par.output.file" value="D:\masterSpring\spring\projects\org.springframework.expression/target/artifacts/org.springframework.expression.par" />
    <property name="ivy.initialized" value="true" />
    <property name="sun.cpu.isalist.ivy.instance" value="pentium_pro+mmx pentium_pro pentium+mmx pentium i486 i386 i86" />
    <property name="java.vm.specification.vendor" value="Sun Microsystems Inc." />
    <property name="java.vm.name" value="Java HotSpot(TM) Client VM" />
    <property name="web.module.output.dir" value="D:\masterSpring\spring\projects\org.springframework.expression/target/artifacts" />
    <property name="main.output.dir" value="D:\masterSpring\spring\projects\org.springframework.expression/target/classes" />
    <property name="docbook.target.dir" value="D:\masterSpring\spring\projects\org.springframework.expression/target/docbook" />
    <property name="java.io.tmpdir" value="C:\Users\QUICKS~1\AppData\Local\Temp\" />
    <property name="file.encoding.ivy.instance" value="GBK" />
    <property name="java.vendor.url" value="http://java.sun.com/" />
    <property name="source.version" value="1.5" />
    <property name="ivy.cache.ttl.default" value="10s" />
    <property name="package.dir" value="D:\masterSpring\spring\projects\org.springframework.expression/target/package-expanded" />
    <property name="par.provided.dir" value="D:\masterSpring\spring\projects\org.springframework.expression/target/par-provided" />
    <property name="ivy.settings.file.ivy.instance" value="D:\masterSpring\spring\projects\spring-build\common\ivysettings.xml" />
    <property name="ant.file.common-common" value="D:\masterSpring\spring\projects\spring-build\common\common.xml" />
    <property name="sun.boot.library.path" value="E:\software\java\jdk1.6.0_14\jre\bin" />
    <property name="ivy.cache.resolution.ivy.instance" value="D:\masterSpring\spring\projects\org.springframework.expression/../ivy-cache/resolution" />
    <property name="war.output.file" value="D:\masterSpring\spring\projects\org.springframework.expression/target/artifacts/org.springframework.expression.war" />
    <property name="file.encoding.pkg.ivy.instance" value="sun.io" />
    <property name="package.output.dir" value="D:\masterSpring\spring\projects\org.springframework.expression/target/package-expanded/spring-framework-3.0.5.BUILD-20110117152612" />
    <property name="bundlor.ant.version" value="1.0.0.RELEASE" />
    <property name="ant.file.type.artifact-multi-bundle" value="file" />
    <property name="par.output.dir" value="D:\masterSpring\spring\projects\org.springframework.expression/target/artifacts" />
    <property name="ivy.resolver.default.check.modified" value="false" />
    <property name="java.runtime.name" value="Java(TM) SE Runtime Environment" />
    <property name="ant.project.name" value="org.springframework.expression" />
    <property name="target.dir" value="D:\masterSpring\spring\projects\org.springframework.expression/target" />
    <property name="sun.management.compiler.ivy.instance" value="HotSpot Client Compiler" />
    <property name="java.vendor.url.bug.ivy.instance" value="http://java.sun.com/cgi-bin/bugreport.cgi" />
    <property name="source-jar.output.file" value="D:\masterSpring\spring\projects\org.springframework.expression/target/artifacts/org.springframework.expression-sources.jar" />
    <property name="ivy.conf.dir.ivy.instance" value="D:\masterSpring\spring\projects\spring-build\common" />
    <property name="ivy.buildlist.ivyfilepath" value="ivy.xml" />
    <property name="sun.cpu.isalist" value="pentium_pro+mmx pentium_pro pentium+mmx pentium i486 i386 i86" />
    <property name="ivy.deliver.revision" value="3.0.5.BUILD-20110117152612" />
    <property name="jar.output.dir" value="D:\masterSpring\spring\projects\org.springframework.expression/target/artifacts" />
    <property name="package.source-jar.output.file" value="org.springframework.expression-sources-3.0.5.BUILD-20110117152612.jar" />
    <property name="ivy.default.ivy.user.dir" value="C:\Users\quickselect\.ivy2" />
    <property name="java.runtime.version.ivy.instance" value="1.6.0_14-b08" />
    <property name="ant.file.type.publish-standard" value="file" />
    <property name="user.home" value="C:\Users\quickselect" />
    <property name="ant.file.quality-common" value="D:\masterSpring\spring\projects\spring-build\common\quality.xml" />
    <property name="ivy.resolved.file.test.classpath" value="D:\masterSpring\spring\projects\org.springframework.expression\ivy.xml" />
    <property name="ant.file.quality-multi-bundle" value="D:\masterSpring\spring\projects\spring-build\multi-bundle\quality.xml" />
    <property name="java.vm.version.ivy.instance" value="14.0-b16" />
    <property name="java.specification.name" value="Java Platform API Specification" />
    <property name="ivy.dep.file" value="ivy.xml" />
    <property name="user.timezone.ivy.instance" value="Asia/Shanghai" />
    <property name="manifest.template.file" value="D:\masterSpring\spring\projects\org.springframework.expression/template.mf" />
    <property name="ivy.deliver.ivy.pattern.ivy.instance" value="D:\masterSpring\spring\projects\org.springframework.expression/distrib/[type]s/[artifact]-[revision](-[classifier]).[ext]" />
    <property name="ivy.revision.compile.classpath" value="working@quickselect-PC" />
    <property name="source-jar.output.dir" value="D:\masterSpring\spring\projects\org.springframework.expression/target/artifacts" />
    <property name="ivy.conf.url" value="file:/D:/masterSpring/spring/projects/spring-build/common/ivysettings.xml" />
    <property name="java.specification.vendor" value="Sun Microsystems Inc." />
    <property name="ant.file.type.default-standard" value="file" />
    <property name="ivy.deps.changed" value="true" />
    <property name="clover.coverage" value="0%" />
    <property name="java.version" value="1.6.0_14" />
    <property name="par.provided.bundles.dir" value="D:\masterSpring\spring\projects\org.springframework.expression/target/par-provided/bundles" />
    <property name="sun.jnu.encoding.ivy.instance" value="GBK" />
    <property name="sun.io.unicode.encoding.ivy.instance" value="UnicodeLittle" />
    <property name="ivy.conf.file.ivy.instance" value="D:\masterSpring\spring\projects\spring-build\common\ivysettings.xml" />
    <property name="ant.file.type.quality-standard" value="file" />
    <property name="javadoc-all.output.dir" value="D:\masterSpring\spring\projects\org.springframework.expression/target/javadoc-all" />
    <property name="basedir.ivy.instance" value="D:\masterSpring\spring\projects\org.springframework.expression" />
    <property name="ivy.conf.url.ivy.instance" value="file:/D:/masterSpring/spring/projects/spring-build/common/ivysettings.xml" />
    <property name="test.vm.args" value="-Xmx1024M -XX:MaxPermSize=512M -XX:+HeapDumpOnOutOfMemoryError" />
    <property name="integration.repo.dir" value="D:\masterSpring\spring\projects\org.springframework.expression/../integration-repo" />
    <property name="java.specification.vendor.ivy.instance" value="Sun Microsystems Inc." />
    <property name="release.type" value="integration" />
    <property name="ivy.build.artifacts.dir.ivy.instance" value="D:\masterSpring\spring\projects\org.springframework.expression/build/artifacts" />
    <property name="publication.resolver.prefix" value="ebr" />
    <property name="ivy.cache.dir" value="D:\masterSpring\spring\projects\org.springframework.expression/../ivy-cache" />
    <property name="commons.pool.version" value="1.5.3" />
    <property name="com.springsource.org.apache.xerces.version" value="2.8.1" />
    <property name="java.class.path.ivy.instance" value="E:\openSource02\apache-ant-1.8.2\lib\ant-launcher.jar;E:\openSource02\apache-ant-1.8.2\lib\ant-antlr.jar;E:\openSource02\apache-ant-1.8.2\lib\ant-apache-bcel.jar;E:\openSource02\apache-ant-1.8.2\lib\ant-apache-bsf.jar;E:\openSource02\apache-ant-1.8.2\lib\ant-apache-log4j.jar;E:\openSource02\apache-ant-1.8.2\lib\ant-apache-oro.jar;E:\openSource02\apache-ant-1.8.2\lib\ant-apache-regexp.jar;E:\openSource02\apache-ant-1.8.2\lib\ant-apache-resolver.jar;E:\openSource02\apache-ant-1.8.2\lib\ant-apache-xalan2.jar;E:\openSource02\apache-ant-1.8.2\lib\ant-commons-logging.jar;E:\openSource02\apache-ant-1.8.2\lib\ant-commons-net.jar;E:\openSource02\apache-ant-1.8.2\lib\ant-jai.jar;E:\openSource02\apache-ant-1.8.2\lib\ant-javamail.jar;E:\openSource02\apache-ant-1.8.2\lib\ant-jdepend.jar;E:\openSource02\apache-ant-1.8.2\lib\ant-jmf.jar;E:\openSource02\apache-ant-1.8.2\lib\ant-jsch.jar;E:\openSource02\apache-ant-1.8.2\lib\ant-junit.jar;E:\openSource02\apache-ant-1.8.2\lib\ant-junit4.jar;E:\openSource02\apache-ant-1.8.2\lib\ant-launcher.jar;E:\openSource02\apache-ant-1.8.2\lib\ant-netrexx.jar;E:\openSource02\apache-ant-1.8.2\lib\ant-swing.jar;E:\openSource02\apache-ant-1.8.2\lib\ant-testutil.jar;E:\openSource02\apache-ant-1.8.2\lib\ant.jar;E:\software\java\jdk1.6.0_14\lib\tools.jar" />
    <property name="user.language.ivy.instance" value="zh" />
    <property name="ivy.organisation.compile.classpath" value="org.springframework" />
    <property name="line.separator" value="&#xd;&#xa;" />
    <property name="sun.cpu.endian.ivy.instance" value="little" />
    <property name="ivy.publish.src.artifacts.pattern" value="D:\masterSpring\spring\projects\org.springframework.expression/distrib/[type]s/[artifact]-[revision](-[classifier]).[ext]" />
    <property name="java.specification.version" value="1.6" />
    <property name="java.vm.info" value="mixed mode" />
    <property name="ivy.retrieve.pattern" value="D:\masterSpring\spring\projects\spring-build/lib/ivy/[artifact]-[revision](-[classifier]).[ext]" />
    <property name="ant.file.type.default-multi-bundle" value="file" />
    <property name="local.pom.output.file" value="D:\masterSpring\spring\projects\org.springframework.expression/pom.xml" />
    <property name="ivy.organisation" value="org.springframework" />
    <property name="javadoc.prep.dir" value="D:\masterSpring\spring\projects\org.springframework.expression/target/javadoc-prep" />
    <property name="compile.debug" value="true" />
    <property name="sun.boot.class.path" value="E:\software\java\jdk1.6.0_14\jre\lib\resources.jar;E:\software\java\jdk1.6.0_14\jre\lib\rt.jar;E:\software\java\jdk1.6.0_14\jre\lib\sunrsasign.jar;E:\software\java\jdk1.6.0_14\jre\lib\jsse.jar;E:\software\java\jdk1.6.0_14\jre\lib\jce.jar;E:\software\java\jdk1.6.0_14\jre\lib\charsets.jar;E:\software\java\jdk1.6.0_14\jre\classes" />
    <property name="ivy.resolve.default.type.filter" value="*" />
    <property name="java.specification.version.ivy.instance" value="1.6" />
    <property name="com.springsource.com.cenqua.clover.version" value="2.6.0" />
    <property name="ant.file.type.publish-documentation" value="file" />
    <property name="license.dir" value="D:\masterSpring\spring\projects\org.springframework.expression/../build-spring-framework/resources" />
    <property name="ivy.basedir" value="D:\masterSpring\spring\projects\org.springframework.expression" />
    <property name="ivy.log.modules.in.use.ivy.instance" value="false" />
    <property name="adjusted.release.type" value="snapshot" />
    <property name="main.resources.dir" value="D:\masterSpring\spring\projects\org.springframework.expression/src/main/resources" />
    <property name="docbook.styles.dir" value="D:\masterSpring\spring\projects\org.springframework.expression/styles" />
    <property name="java.specification.name.ivy.instance" value="Java Platform API Specification" />
    <property name="ant.file.type.common-common" value="file" />
    <property name="line.separator.ivy.instance" value="&#xd;&#xa;" />
    <property name="ivy.publish.src.artifacts.pattern.ivy.instance" value="D:\masterSpring\spring\projects\org.springframework.expression/distrib/[type]s/[artifact]-[revision](-[classifier]).[ext]" />
    <property name="user.home.ivy.instance" value="C:\Users\quickselect" />
    <property name="ivy.deliver.ivy.pattern" value="D:\masterSpring\spring\projects\org.springframework.expression/distrib/[type]s/[artifact]-[revision](-[classifier]).[ext]" />
    <property name="project.key" value="SPR" />
    <property name="org.apache.velocity.docbookframework.dist.version" value="1.0.0.BUILD-20080625" />
    <property name="ivy.revision.runtime.classpath" value="working@quickselect-PC" />
    <property name="ivy.checksums.ivy.instance" value="sha1,md5" />
    <property name="bundle.version" value="3.0.5.BUILD-20110117152612" />
    <property name="TODAY" value="January 17 2011" />
    <property name="java.awt.printerjob" value="sun.awt.windows.WPrinterJob" />
    <property name="ant.file.package-bundle" value="D:\masterSpring\spring\projects\build-spring-framework\package-bundle.xml" />
    <property name="sun.jnu.encoding" value="GBK" />
    <property name="ivy.default.ivy.user.dir.ivy.instance" value="C:\Users\quickselect\.ivy2" />
    <property name="ivy.project.dir" value="D:\masterSpring\spring\projects\org.springframework.expression" />
    <property name="ivy.revision" value="working@quickselect-PC" />
    <property name="java.runtime.version" value="1.6.0_14-b08" />
    <property name="ivy.home" value="C:\Users\quickselect\.ivy2" />
    <property name="sun.boot.class.path.ivy.instance" value="E:\software\java\jdk1.6.0_14\jre\lib\resources.jar;E:\software\java\jdk1.6.0_14\jre\lib\rt.jar;E:\software\java\jdk1.6.0_14\jre\lib\sunrsasign.jar;E:\software\java\jdk1.6.0_14\jre\lib\jsse.jar;E:\software\java\jdk1.6.0_14\jre\lib\jce.jar;E:\software\java\jdk1.6.0_14\jre\lib\charsets.jar;E:\software\java\jdk1.6.0_14\jre\classes" />
    <property name="ivy.file.exists" value="true" />
    <property name="spring.osgi.range.nq" value="${version:[=.=.=, =.=.+1)}" />
    <property name="java.vendor.ivy.instance" value="Sun Microsystems Inc." />
    <property name="par.staging.dir" value="D:\masterSpring\spring\projects\org.springframework.expression/target/par-expanded" />
    <property name="javadoc.max.memory" value="256M" />
    <property name="ivy.distrib.dir.ivy.instance" value="D:\masterSpring\spring\projects\org.springframework.expression/distrib" />
    <property name="javadoc.resources.dir" value="D:\masterSpring\spring\projects\spring-build/common/javadoc-resources" />
    <property name="publish.bucket" value="repository.springsource.com" />
    <property name="user.timezone" value="" />
    <property name="ant.file.publish-standard" value="D:\masterSpring\spring\projects\spring-build\standard\publish.xml" />
    <property name="javadoc.exclude.package.names" value="org/springframework/samples/**" />
    <property name="test.output.dir" value="D:\masterSpring\spring\projects\org.springframework.expression/target/test-classes" />
    <property name="java.vm.specification.name.ivy.instance" value="Java Virtual Machine Specification" />
    <property name="ivy.dep.file.ivy.instance" value="ivy.xml" />
    <property name="java.ext.dirs" value="E:\software\java\jdk1.6.0_14\jre\lib\ext;C:\Windows\Sun\Java\lib\ext" />
    <property name="ivy.organisation.test.classpath" value="org.springframework" />
    <property name="ant.file.default-standard" value="D:\masterSpring\spring\projects\spring-build\standard\default.xml" />
    <property name="copy.to.dir" value="D:\masterSpring\spring\projects\org.springframework.expression/target/package-expanded/spring-framework-3.0.5.BUILD-20110117152612/dist" />
    <property name="java.class.path" value="D:\masterSpring\spring\projects\org.springframework.expression\target\artifacts\org.springframework.expression.jar;D:\masterSpring\spring\projects\org.springframework.expression\target\test-classes;D:\masterSpring\spring\projects\ivy-cache\repository\org.apache.commons\com.springsource.org.apache.commons.logging\1.1.1\com.springsource.org.apache.commons.logging-1.1.1.jar;D:\masterSpring\spring\projects\integration-repo\org.springframework\org.springframework.core\3.0.5.BUILD-20110117152612\org.springframework.core-3.0.5.BUILD-20110117152612.jar;D:\masterSpring\spring\projects\ivy-cache\repository\org.apache.log4j\com.springsource.org.apache.log4j\1.2.15\com.springsource.org.apache.log4j-1.2.15.jar;D:\masterSpring\spring\projects\ivy-cache\repository\org.junit\com.springsource.org.junit\4.7.0\com.springsource.org.junit-4.7.0.jar;E:\openSource02\apache-ant-1.8.2\lib\ant-launcher.jar;E:\openSource02\apache-ant-1.8.2\lib\ant.jar;E:\openSource02\apache-ant-1.8.2\lib\ant-junit.jar;E:\openSource02\apache-ant-1.8.2\lib\ant-junit4.jar" />
    <property name="ivy.deps.changed.compile.classpath" value="true" />
    <property name="war.staging.dir" value="D:\masterSpring\spring\projects\org.springframework.expression/target/war-expanded" />
    <property name="ivy.deps.changed.test.classpath" value="true" />
    <property name="ant.file.quality-standard" value="D:\masterSpring\spring\projects\spring-build\standard\quality.xml" />
    <property name="ivy.settings.dir" value="D:\masterSpring\spring\projects\spring-build\common" />
    <property name="ant.file.type.package-top-level" value="file" />
    <property name="os.version" value="6.1" />
    <property name="sun.desktop" value="windows" />
    <property name="java.class.version.ivy.instance" value="50.0" />
    <property name="ivy.module" value="org.springframework.expression" />
    <property name="os.arch.ivy.instance" value="x86" />
    <property name="com.springsource.net.sf.xslthl.version" value="1.2.0" />
    <property name="test-results.output.dir" value="D:\masterSpring\spring\projects\build-spring-framework/target/test-results" />
    <property name="docbook.staging.dir" value="D:\masterSpring\spring\projects\org.springframework.expression/target/docbook/staging" />
    <property name="ant.file.type.package-common" value="file" />
    <property name="package.basename" value="spring-framework-3.0.5.BUILD-20110117152612" />
    <property name="java.awt.graphicsenv" value="sun.awt.Win32GraphicsEnvironment" />
    <property name="java.vm.name.ivy.instance" value="Java HotSpot(TM) Client VM" />
    <property name="java.vm.vendor" value="Sun Microsystems Inc." />
    <property name="ivy.log.modules.in.use" value="false" />
    <property name="org.springframework.build.ant.version" value="1.1.0.RELEASE" />
    <property name="web.module.classes.dir" value="D:\masterSpring\spring\projects\org.springframework.expression/target/web-module-expanded/WEB-INF/classes" />
    <property name="ivy.resolved.configurations.runtime.classpath" value="runtime" />
    <property name="aspectj.x" value="" />
    <property name="test.java.dir" value="D:\masterSpring\spring\projects\org.springframework.expression/src/test/java" />
    <property name="ant.file.type" value="file" />
    <property name="ivy.build.artifacts.dir" value="D:\masterSpring\spring\projects\org.springframework.expression/build/artifacts" />
    <property name="ivy.checksums" value="sha1" />
    <property name="sun.os.patch.level.ivy.instance" value="" />
    <property name="ant.file.package-top-level" value="D:\masterSpring\spring\projects\build-spring-framework\package-top-level.xml" />
    <property name="ivy.configurations" value="*" />
    <property name="test.forkmode" value="perBatch" />
    <property name="ivy.distrib.dir" value="D:\masterSpring\spring\projects\org.springframework.expression/distrib" />
    <property name="ant.file.publish-common" value="D:\masterSpring\spring\projects\spring-build\common\publish.xml" />
    <property name="ant.version" value="Apache Ant(TM) version 1.8.2 compiled on December 20 2010" />
    <property name="package.libd.output.file" value="org.springframework.expression-3.0.5.BUILD-20110117152612.libd" />
    <property name="file.encoding" value="GBK" />
    <property name="war.output.dir" value="D:\masterSpring\spring\projects\org.springframework.expression/target/artifacts" />
    <property name="awt.toolkit" value="sun.awt.windows.WToolkit" />
    <property name="compiler.args" value="-enableJavadoc -warn:none" />
    <property name="user.name.ivy.instance" value="quickselect" />
  </properties>
  <testcase classname="org.springframework.expression.spel.PropertyAccessTests" name="testSimpleAccess01" time="0.0" />
  <testcase classname="org.springframework.expression.spel.PropertyAccessTests" name="testSimpleAccess02" time="0.0" />
  <testcase classname="org.springframework.expression.spel.PropertyAccessTests" name="testSimpleAccess03" time="0.0" />
  <testcase classname="org.springframework.expression.spel.PropertyAccessTests" name="testNonExistentPropertiesAndMethods" time="0.0" />
  <testcase classname="org.springframework.expression.spel.PropertyAccessTests" name="testAccessingOnNullObject" time="0.0" />
  <testcase classname="org.springframework.expression.spel.PropertyAccessTests" name="testAddingSpecificPropertyAccessor" time="0.015" />
  <testcase classname="org.springframework.expression.spel.PropertyAccessTests" name="testAddingRemovingAccessors" time="0.0" />
  <system-out><![CDATA[]]></system-out>
  <system-err><![CDATA[]]></system-err>
</testsuite>
